<?xml version="1.0" encoding="UTF-8"?>
<testng-results skipped="0" failed="0" ignored="0" total="1" passed="1">
  <reporter-output>
  </reporter-output>
  <suite name="Default suite" duration-ms="57903" started-at="2019-05-08T12:53:10Z" finished-at="2019-05-08T12:54:08Z">
    <groups>
    </groups>
    <test name="Default test" duration-ms="57903" started-at="2019-05-08T12:53:10Z" finished-at="2019-05-08T12:54:08Z">
      <class name="Scripts.TC1">
        <test-method status="PASS" signature="beforeTest()[pri:0, instance:Scripts.TC1@42eca56e]" name="beforeTest" is-config="true" duration-ms="265" started-at="2019-05-08T12:53:10Z" finished-at="2019-05-08T12:53:10Z">
          <reporter-output>
          </reporter-output>
        </test-method> <!-- beforeTest -->
        <test-method status="PASS" signature="beforeClass()[pri:0, instance:Scripts.TC1@42eca56e]" name="beforeClass" is-config="true" duration-ms="5021" started-at="2019-05-08T12:53:10Z" finished-at="2019-05-08T12:53:15Z">
          <reporter-output>
          </reporter-output>
        </test-method> <!-- beforeClass -->
        <test-method status="PASS" signature="beforeMethod(java.lang.reflect.Method)[pri:0, instance:Scripts.TC1@42eca56e]" name="beforeMethod" is-config="true" duration-ms="6" started-at="2019-05-08T12:53:15Z" finished-at="2019-05-08T12:53:15Z">
          <params>
            <param index="0">
              <value>
                <![CDATA[public void Scripts.TC1.testLogin() throws java.lang.Exception]]>
              </value>
            </param>
          </params>
          <reporter-output>
          </reporter-output>
        </test-method> <!-- beforeMethod -->
        <test-method status="PASS" signature="testLogin()[pri:0, instance:Scripts.TC1@42eca56e]" name="testLogin" duration-ms="51017" started-at="2019-05-08T12:53:15Z" finished-at="2019-05-08T12:54:06Z">
          <reporter-output>
          </reporter-output>
        </test-method> <!-- testLogin -->
        <test-method status="PASS" signature="afterClass()[pri:0, instance:Scripts.TC1@42eca56e]" name="afterClass" is-config="true" duration-ms="1569" started-at="2019-05-08T12:54:06Z" finished-at="2019-05-08T12:54:08Z">
          <reporter-output>
          </reporter-output>
        </test-method> <!-- afterClass -->
      </class> <!-- Scripts.TC1 -->
    </test> <!-- Default test -->
  </suite> <!-- Default suite -->
</testng-results>
